#-----------------------------------------------------------
# Vivado v2019.2 (64-bit)
# SW Build 2708876 on Wed Nov  6 21:40:23 MST 2019
# IP Build 2700528 on Thu Nov  7 00:09:20 MST 2019
# Start of session at: Tue Oct 18 12:29:19 2022
# Process ID: 5328
# Current directory: D:/projects/vivado/MiniMIPS32
# Command line: vivado.exe -gui_launcher_event rodinguilauncherevent19188 D:\projects\vivado\MiniMIPS32\MiniMIPS32.xpr
# Log file: D:/projects/vivado/MiniMIPS32/vivado.log
# Journal file: D:/projects/vivado/MiniMIPS32\vivado.jou
#-----------------------------------------------------------
start_gui
open_project D:/projects/vivado/MiniMIPS32/MiniMIPS32.xpr
Scanning sources...
Finished scanning sources
INFO: [IP_Flow 19-234] Refreshing IP repositories
INFO: [IP_Flow 19-1704] No user IP repositories specified
INFO: [IP_Flow 19-2313] Loaded Vivado IP repository 'E:/vivado/Vivado/2019.2/data/ip'.
WARNING: [IP_Flow 19-3664] IP 'data_ram' generated file not found 'd:/projects/vivado/MiniMIPS32/MiniMIPS32.srcs/sources_1/ip/data_ram/data_ram.dcp'. Please regenerate to continue.
WARNING: [IP_Flow 19-3664] IP 'data_ram' generated file not found 'd:/projects/vivado/MiniMIPS32/MiniMIPS32.srcs/sources_1/ip/data_ram/data_ram_stub.v'. Please regenerate to continue.
WARNING: [IP_Flow 19-3664] IP 'data_ram' generated file not found 'd:/projects/vivado/MiniMIPS32/MiniMIPS32.srcs/sources_1/ip/data_ram/data_ram_stub.vhdl'. Please regenerate to continue.
WARNING: [IP_Flow 19-3664] IP 'data_ram' generated file not found 'd:/projects/vivado/MiniMIPS32/MiniMIPS32.srcs/sources_1/ip/data_ram/data_ram_sim_netlist.v'. Please regenerate to continue.
WARNING: [IP_Flow 19-3664] IP 'data_ram' generated file not found 'd:/projects/vivado/MiniMIPS32/MiniMIPS32.srcs/sources_1/ip/data_ram/data_ram_sim_netlist.vhdl'. Please regenerate to continue.
open_project: Time (s): cpu = 00:00:14 ; elapsed = 00:00:06 . Memory (MB): peak = 862.047 ; gain = 177.543
update_compile_order -fileset sources_1
update_compile_order -fileset sources_1
