#-----------------------------------------------------------
# Vivado v2019.2 (64-bit)
# SW Build 2708876 on Wed Nov  6 21:40:23 MST 2019
# IP Build 2700528 on Thu Nov  7 00:09:20 MST 2019
# Start of session at: Mon Oct 17 18:23:12 2022
# Process ID: 8672
# Current directory: D:/projects/vivado/MiniMIPS32
# Command line: vivado.exe -gui_launcher_event rodinguilauncherevent17636 D:\projects\vivado\MiniMIPS32\MiniMIPS32.xpr
# Log file: D:/projects/vivado/MiniMIPS32/vivado.log
# Journal file: D:/projects/vivado/MiniMIPS32\vivado.jou
#-----------------------------------------------------------
start_gui
open_project D:/projects/vivado/MiniMIPS32/MiniMIPS32.xpr
Scanning sources...
Finished scanning sources
INFO: [IP_Flow 19-234] Refreshing IP repositories
INFO: [IP_Flow 19-1704] No user IP repositories specified
INFO: [IP_Flow 19-2313] Loaded Vivado IP repository 'E:/vivado/Vivado/2019.2/data/ip'.
open_project: Time (s): cpu = 00:00:16 ; elapsed = 00:00:07 . Memory (MB): peak = 870.055 ; gain = 209.172
update_compile_order -fileset sources_1
WARNING: [IP_Flow 19-4067] Ignoring invalid widget type specified checkbox.Providing a default widget
WARNING: [IP_Flow 19-4067] Ignoring invalid widget type specified checkbox.Providing a default widget
INFO: [IP_Flow 19-3484] Absolute path of file 'd:/projects/vivado/MiniMIPS32/init.coe' provided. It will be converted relative to IP Instance files '../../../../init.coe'
create_ip -name blk_mem_gen -vendor xilinx.com -library ip -version 8.4 -module_name blk_mem_gen_0 -dir d:/projects/vivado/MiniMIPS32/MiniMIPS32.srcs/sources_1/ip
set_property -dict [list CONFIG.Use_Byte_Write_Enable {true} CONFIG.Byte_Size {8} CONFIG.Write_Width_A {32} CONFIG.Write_Depth_A {2048} CONFIG.Read_Width_A {32} CONFIG.Write_Width_B {32} CONFIG.Read_Width_B {32} CONFIG.Register_PortA_Output_of_Memory_Primitives {false} CONFIG.Load_Init_File {true} CONFIG.Coe_File {D:/projects/vivado/MiniMIPS32/init.coe}] [get_ips blk_mem_gen_0]
INFO: [IP_Flow 19-3484] Absolute path of file 'd:/projects/vivado/MiniMIPS32/init.coe' provided. It will be converted relative to IP Instance files '../../../../init.coe'
generate_target {instantiation_template} [get_files d:/projects/vivado/MiniMIPS32/MiniMIPS32.srcs/sources_1/ip/blk_mem_gen_0/blk_mem_gen_0.xci]
INFO: [IP_Flow 19-1686] Generating 'Instantiation Template' target for IP 'blk_mem_gen_0'...
update_compile_order -fileset sources_1
generate_target all [get_files  d:/projects/vivado/MiniMIPS32/MiniMIPS32.srcs/sources_1/ip/blk_mem_gen_0/blk_mem_gen_0.xci]
INFO: [IP_Flow 19-1686] Generating 'Synthesis' target for IP 'blk_mem_gen_0'...
INFO: [IP_Flow 19-1686] Generating 'Simulation' target for IP 'blk_mem_gen_0'...
INFO: [IP_Flow 19-1686] Generating 'Miscellaneous' target for IP 'blk_mem_gen_0'...
INFO: [IP_Flow 19-1686] Generating 'Change Log' target for IP 'blk_mem_gen_0'...
catch { config_ip_cache -export [get_ips -all blk_mem_gen_0] }
export_ip_user_files -of_objects [get_files d:/projects/vivado/MiniMIPS32/MiniMIPS32.srcs/sources_1/ip/blk_mem_gen_0/blk_mem_gen_0.xci] -no_script -sync -force -quiet
create_ip_run [get_files -of_objects [get_fileset sources_1] d:/projects/vivado/MiniMIPS32/MiniMIPS32.srcs/sources_1/ip/blk_mem_gen_0/blk_mem_gen_0.xci]
launch_runs -jobs 8 blk_mem_gen_0_synth_1
[Mon Oct 17 19:30:11 2022] Launched blk_mem_gen_0_synth_1...
Run output will be captured here: D:/projects/vivado/MiniMIPS32/MiniMIPS32.runs/blk_mem_gen_0_synth_1/runme.log
export_simulation -of_objects [get_files d:/projects/vivado/MiniMIPS32/MiniMIPS32.srcs/sources_1/ip/blk_mem_gen_0/blk_mem_gen_0.xci] -directory D:/projects/vivado/MiniMIPS32/MiniMIPS32.ip_user_files/sim_scripts -ip_user_files_dir D:/projects/vivado/MiniMIPS32/MiniMIPS32.ip_user_files -ipstatic_source_dir D:/projects/vivado/MiniMIPS32/MiniMIPS32.ip_user_files/ipstatic -lib_map_path [list {modelsim=D:/projects/vivado/MiniMIPS32/MiniMIPS32.cache/compile_simlib/modelsim} {questa=D:/projects/vivado/MiniMIPS32/MiniMIPS32.cache/compile_simlib/questa} {riviera=D:/projects/vivado/MiniMIPS32/MiniMIPS32.cache/compile_simlib/riviera} {activehdl=D:/projects/vivado/MiniMIPS32/MiniMIPS32.cache/compile_simlib/activehdl}] -use_ip_compiled_libs -force -quiet
export_ip_user_files -of_objects  [get_files d:/projects/vivado/MiniMIPS32/MiniMIPS32.srcs/sources_1/ip/blk_mem_gen_0/blk_mem_gen_0.xci] -no_script -reset -force -quiet
remove_files  -fileset blk_mem_gen_0 d:/projects/vivado/MiniMIPS32/MiniMIPS32.srcs/sources_1/ip/blk_mem_gen_0/blk_mem_gen_0.xci
INFO: [Project 1-386] Moving file 'd:/projects/vivado/MiniMIPS32/MiniMIPS32.srcs/sources_1/ip/blk_mem_gen_0/blk_mem_gen_0.xci' from fileset 'blk_mem_gen_0' to fileset 'sources_1'.
file delete -force d:/projects/vivado/MiniMIPS32/MiniMIPS32.srcs/sources_1/ip/blk_mem_gen_0
WARNING: [IP_Flow 19-4067] Ignoring invalid widget type specified checkbox.Providing a default widget
WARNING: [IP_Flow 19-4067] Ignoring invalid widget type specified checkbox.Providing a default widget
INFO: [IP_Flow 19-3484] Absolute path of file 'd:/projects/vivado/MiniMIPS32/init.coe' provided. It will be converted relative to IP Instance files '../../../../init.coe'
create_ip -name blk_mem_gen -vendor xilinx.com -library ip -version 8.4 -module_name data_ram -dir d:/projects/vivado/MiniMIPS32/MiniMIPS32.srcs/sources_1/ip
set_property -dict [list CONFIG.Component_Name {data_ram} CONFIG.Use_Byte_Write_Enable {true} CONFIG.Byte_Size {8} CONFIG.Write_Width_A {32} CONFIG.Write_Depth_A {2048} CONFIG.Read_Width_A {32} CONFIG.Write_Width_B {32} CONFIG.Read_Width_B {32} CONFIG.Register_PortA_Output_of_Memory_Primitives {false} CONFIG.Load_Init_File {true} CONFIG.Coe_File {D:/projects/vivado/MiniMIPS32/init.coe}] [get_ips data_ram]
WARNING: [Vivado 12-3523] Attempt to change 'Component_Name' from 'data_ram' to 'data_ram' is not allowed and is ignored.
INFO: [IP_Flow 19-3484] Absolute path of file 'd:/projects/vivado/MiniMIPS32/init.coe' provided. It will be converted relative to IP Instance files '../../../../init.coe'
generate_target {instantiation_template} [get_files d:/projects/vivado/MiniMIPS32/MiniMIPS32.srcs/sources_1/ip/data_ram/data_ram.xci]
INFO: [IP_Flow 19-1686] Generating 'Instantiation Template' target for IP 'data_ram'...
generate_target all [get_files  d:/projects/vivado/MiniMIPS32/MiniMIPS32.srcs/sources_1/ip/data_ram/data_ram.xci]
INFO: [IP_Flow 19-1686] Generating 'Synthesis' target for IP 'data_ram'...
INFO: [IP_Flow 19-1686] Generating 'Simulation' target for IP 'data_ram'...
INFO: [IP_Flow 19-1686] Generating 'Miscellaneous' target for IP 'data_ram'...
INFO: [IP_Flow 19-1686] Generating 'Change Log' target for IP 'data_ram'...
catch { config_ip_cache -export [get_ips -all data_ram] }
export_ip_user_files -of_objects [get_files d:/projects/vivado/MiniMIPS32/MiniMIPS32.srcs/sources_1/ip/data_ram/data_ram.xci] -no_script -sync -force -quiet
create_ip_run [get_files -of_objects [get_fileset sources_1] d:/projects/vivado/MiniMIPS32/MiniMIPS32.srcs/sources_1/ip/data_ram/data_ram.xci]
launch_runs -jobs 8 data_ram_synth_1
[Mon Oct 17 19:32:30 2022] Launched data_ram_synth_1...
Run output will be captured here: D:/projects/vivado/MiniMIPS32/MiniMIPS32.runs/data_ram_synth_1/runme.log
export_simulation -of_objects [get_files d:/projects/vivado/MiniMIPS32/MiniMIPS32.srcs/sources_1/ip/data_ram/data_ram.xci] -directory D:/projects/vivado/MiniMIPS32/MiniMIPS32.ip_user_files/sim_scripts -ip_user_files_dir D:/projects/vivado/MiniMIPS32/MiniMIPS32.ip_user_files -ipstatic_source_dir D:/projects/vivado/MiniMIPS32/MiniMIPS32.ip_user_files/ipstatic -lib_map_path [list {modelsim=D:/projects/vivado/MiniMIPS32/MiniMIPS32.cache/compile_simlib/modelsim} {questa=D:/projects/vivado/MiniMIPS32/MiniMIPS32.cache/compile_simlib/questa} {riviera=D:/projects/vivado/MiniMIPS32/MiniMIPS32.cache/compile_simlib/riviera} {activehdl=D:/projects/vivado/MiniMIPS32/MiniMIPS32.cache/compile_simlib/activehdl}] -use_ip_compiled_libs -force -quiet
WARNING: [IP_Flow 19-4067] Ignoring invalid widget type specified checkbox.Providing a default widget
WARNING: [IP_Flow 19-4067] Ignoring invalid widget type specified checkbox.Providing a default widget
WARNING: [IP_Flow 19-4067] Ignoring invalid widget type specified checkbox.Providing a default widget
WARNING: [IP_Flow 19-4067] Ignoring invalid widget type specified checkbox.Providing a default widget
update_compile_order -fileset sources_1
update_compile_order -fileset sources_1
update_compile_order -fileset sources_1
close [ open D:/projects/vivado/MiniMIPS32/MiniMIPS32.srcs/sources_1/new/Mux2.v w ]
add_files D:/projects/vivado/MiniMIPS32/MiniMIPS32.srcs/sources_1/new/Mux2.v
update_compile_order -fileset sources_1
update_compile_order -fileset sources_1
