#-----------------------------------------------------------
# Vivado v2019.2 (64-bit)
# SW Build 2708876 on Wed Nov  6 21:40:23 MST 2019
# IP Build 2700528 on Thu Nov  7 00:09:20 MST 2019
# Start of session at: Sat Oct 15 22:21:50 2022
# Process ID: 17988
# Current directory: D:/projects/vivado/MiniMIPS32
# Command line: vivado.exe -gui_launcher_event rodinguilauncherevent7280 D:\projects\vivado\MiniMIPS32\MiniMIPS32.xpr
# Log file: D:/projects/vivado/MiniMIPS32/vivado.log
# Journal file: D:/projects/vivado/MiniMIPS32\vivado.jou
#-----------------------------------------------------------
start_gui
open_project D:/projects/vivado/MiniMIPS32/MiniMIPS32.xpr
INFO: [Project 1-313] Project file moved from 'D:/MiniMIPS32' since last save.
Scanning sources...
Finished scanning sources
INFO: [IP_Flow 19-234] Refreshing IP repositories
INFO: [IP_Flow 19-1704] No user IP repositories specified
INFO: [IP_Flow 19-2313] Loaded Vivado IP repository 'E:/vivado/Vivado/2019.2/data/ip'.
open_project: Time (s): cpu = 00:00:22 ; elapsed = 00:00:09 . Memory (MB): peak = 848.867 ; gain = 174.852
update_compile_order -fileset sources_1
WARNING: [filemgmt 56-199] Attempt to get parsing info during refresh. "On-the-fly" syntax checking information may be incorrect. [D:\projects\vivado\MiniMIPS32\MiniMIPS32.srcs\sources_1\new\exe_stage.v:]
WARNING: [filemgmt 56-199] Attempt to get parsing info during refresh. "On-the-fly" syntax checking information may be incorrect. [D:\projects\vivado\MiniMIPS32\MiniMIPS32.srcs\sources_1\new\id_stage.v:]
WARNING: [filemgmt 56-199] Attempt to get parsing info during refresh. "On-the-fly" syntax checking information may be incorrect. [D:\projects\vivado\MiniMIPS32\MiniMIPS32.srcs\sources_1\new\idexe_reg.v:]
WARNING: [filemgmt 56-199] Attempt to get parsing info during refresh. "On-the-fly" syntax checking information may be incorrect. [D:\projects\vivado\MiniMIPS32\MiniMIPS32.srcs\sources_1\new\if_stage.v:]
WARNING: [filemgmt 56-199] Attempt to get parsing info during refresh. "On-the-fly" syntax checking information may be incorrect. [D:\projects\vivado\MiniMIPS32\MiniMIPS32.srcs\sources_1\new\MiniMIPS32.v:]
WARNING: [filemgmt 56-199] Attempt to get parsing info during refresh. "On-the-fly" syntax checking information may be incorrect. [D:\projects\vivado\MiniMIPS32\MiniMIPS32.srcs\sources_1\new\exe_stage.v:]
WARNING: [filemgmt 56-199] Attempt to get parsing info during refresh. "On-the-fly" syntax checking information may be incorrect. [D:\projects\vivado\MiniMIPS32\MiniMIPS32.srcs\sources_1\new\id_stage.v:]
WARNING: [filemgmt 56-199] Attempt to get parsing info during refresh. "On-the-fly" syntax checking information may be incorrect. [D:\projects\vivado\MiniMIPS32\MiniMIPS32.srcs\sources_1\new\idexe_reg.v:]
WARNING: [filemgmt 56-199] Attempt to get parsing info during refresh. "On-the-fly" syntax checking information may be incorrect. [D:\projects\vivado\MiniMIPS32\MiniMIPS32.srcs\sources_1\new\if_stage.v:]
WARNING: [filemgmt 56-199] Attempt to get parsing info during refresh. "On-the-fly" syntax checking information may be incorrect. [D:\projects\vivado\MiniMIPS32\MiniMIPS32.srcs\sources_1\new\MiniMIPS32.v:]
WARNING: [filemgmt 56-199] Attempt to get parsing info during refresh. "On-the-fly" syntax checking information may be incorrect. [D:\projects\vivado\MiniMIPS32\MiniMIPS32.srcs\sources_1\new\exe_stage.v:]
WARNING: [filemgmt 56-199] Attempt to get parsing info during refresh. "On-the-fly" syntax checking information may be incorrect. [D:\projects\vivado\MiniMIPS32\MiniMIPS32.srcs\sources_1\new\id_stage.v:]
WARNING: [filemgmt 56-199] Attempt to get parsing info during refresh. "On-the-fly" syntax checking information may be incorrect. [D:\projects\vivado\MiniMIPS32\MiniMIPS32.srcs\sources_1\new\idexe_reg.v:]
WARNING: [filemgmt 56-199] Attempt to get parsing info during refresh. "On-the-fly" syntax checking information may be incorrect. [D:\projects\vivado\MiniMIPS32\MiniMIPS32.srcs\sources_1\new\if_stage.v:]
WARNING: [filemgmt 56-199] Attempt to get parsing info during refresh. "On-the-fly" syntax checking information may be incorrect. [D:\projects\vivado\MiniMIPS32\MiniMIPS32.srcs\sources_1\new\MiniMIPS32.v:]
WARNING: [filemgmt 56-199] Attempt to get parsing info during refresh. "On-the-fly" syntax checking information may be incorrect. [D:\projects\vivado\MiniMIPS32\MiniMIPS32.srcs\sources_1\new\exe_stage.v:]
WARNING: [filemgmt 56-199] Attempt to get parsing info during refresh. "On-the-fly" syntax checking information may be incorrect. [D:\projects\vivado\MiniMIPS32\MiniMIPS32.srcs\sources_1\new\id_stage.v:]
WARNING: [filemgmt 56-199] Attempt to get parsing info during refresh. "On-the-fly" syntax checking information may be incorrect. [D:\projects\vivado\MiniMIPS32\MiniMIPS32.srcs\sources_1\new\idexe_reg.v:]
WARNING: [filemgmt 56-199] Attempt to get parsing info during refresh. "On-the-fly" syntax checking information may be incorrect. [D:\projects\vivado\MiniMIPS32\MiniMIPS32.srcs\sources_1\new\if_stage.v:]
WARNING: [filemgmt 56-199] Attempt to get parsing info during refresh. "On-the-fly" syntax checking information may be incorrect. [D:\projects\vivado\MiniMIPS32\MiniMIPS32.srcs\sources_1\new\MiniMIPS32.v:]
ERROR: [Common 17-180] Spawn failed: No error
