#-----------------------------------------------------------
# Vivado v2019.2 (64-bit)
# SW Build 2708876 on Wed Nov  6 21:40:23 MST 2019
# IP Build 2700528 on Thu Nov  7 00:09:20 MST 2019
# Start of session at: Mon Oct 17 12:53:44 2022
# Process ID: 14196
# Current directory: D:/projects/vivado/MiniMIPS32
# Command line: vivado.exe -gui_launcher_event rodinguilauncherevent17004 D:\projects\vivado\MiniMIPS32\MiniMIPS32.xpr
# Log file: D:/projects/vivado/MiniMIPS32/vivado.log
# Journal file: D:/projects/vivado/MiniMIPS32\vivado.jou
#-----------------------------------------------------------
start_gui
open_project D:/projects/vivado/MiniMIPS32/MiniMIPS32.xpr
Scanning sources...
Finished scanning sources
INFO: [IP_Flow 19-234] Refreshing IP repositories
INFO: [IP_Flow 19-1704] No user IP repositories specified
INFO: [IP_Flow 19-2313] Loaded Vivado IP repository 'E:/vivado/Vivado/2019.2/data/ip'.
open_project: Time (s): cpu = 00:00:17 ; elapsed = 00:00:07 . Memory (MB): peak = 893.352 ; gain = 224.254
update_compile_order -fileset sources_1
exit
INFO: [Common 17-206] Exiting Vivado at Mon Oct 17 15:25:34 2022...
