#-----------------------------------------------------------
# Vivado v2019.2 (64-bit)
# SW Build 2708876 on Wed Nov  6 21:40:23 MST 2019
# IP Build 2700528 on Thu Nov  7 00:09:20 MST 2019
# Start of session at: Sun Oct 16 13:18:25 2022
# Process ID: 27756
# Current directory: D:/projects/vivado/MiniMIPS32
# Command line: vivado.exe -gui_launcher_event rodinguilauncherevent11464 D:\projects\vivado\MiniMIPS32\MiniMIPS32.xpr
# Log file: D:/projects/vivado/MiniMIPS32/vivado.log
# Journal file: D:/projects/vivado/MiniMIPS32\vivado.jou
#-----------------------------------------------------------
start_gui
open_project D:/projects/vivado/MiniMIPS32/MiniMIPS32.xpr
INFO: [Project 1-313] Project file moved from 'D:/MiniMIPS32' since last save.
Scanning sources...
Finished scanning sources
INFO: [IP_Flow 19-234] Refreshing IP repositories
INFO: [IP_Flow 19-1704] No user IP repositories specified
INFO: [IP_Flow 19-2313] Loaded Vivado IP repository 'E:/vivado/Vivado/2019.2/data/ip'.
open_project: Time (s): cpu = 00:00:15 ; elapsed = 00:00:07 . Memory (MB): peak = 857.141 ; gain = 187.625
update_compile_order -fileset sources_1
update_compile_order -fileset sources_1
update_compile_order -fileset sources_1
update_compile_order -fileset sources_1
update_compile_order -fileset sources_1
close [ open D:/projects/vivado/MiniMIPS32/MiniMIPS32.srcs/sources_1/new/hilo.v w ]
add_files D:/projects/vivado/MiniMIPS32/MiniMIPS32.srcs/sources_1/new/hilo.v
update_compile_order -fileset sources_1
