0xbfc00000     16     0x0007     7
0xbfc00004     17     0x0008     8
0xbfc00008     00     0x0000     0
0xbfc0000c     00     0x0000     0
0xbfc00010     00     0x0000     0
0xbfc00014     18     0x000f     15
0xbfc00018     16     0xfffffff3     -13
0xbfc0001c     17     0x0008     8
0xbfc00020     00     0x0000     0
0xbfc00024     00     0x0000     0
0xbfc00028     00     0x0000     0
0xbfc0002c     18     0xfffffffb     -5
0xbfc00030     16     0x0004     4
0xbfc00034     17     0x0008     8
0xbfc00038     00     0x0000     0
0xbfc0003c     00     0x0000     0
0xbfc00040     00     0x0000     0
0xbfc00044     18     0x000c     12
0xbfc00048     16     0xfffffff9     -7
0xbfc0004c     17     0x0008     8
0xbfc00050     00     0x0000     0
0xbfc00054     00     0x0000     0
0xbfc00058     00     0x0000     0
0xbfc0005c     18     0x0001     1
0xbfc00060     17     0xfffffff4     -12
0xbfc00064     00     0x0000     0
0xbfc00068     00     0x0000     0
0xbfc0006c     00     0x0000     0
0xbfc00070     18     0x0004     4
0xbfc00074     17     0x0003     3
0xbfc00078     00     0x0000     0
0xbfc0007c     00     0x0000     0
0xbfc00080     00     0x0000     0
0xbfc00084     18     0x000b     11
0xbfc00088     17     0xfffffffb     -5
0xbfc0008c     00     0x0000     0
0xbfc00090     00     0x0000     0
0xbfc00094     00     0x0000     0
0xbfc00098     18     0x000b     11
0xbfc0009c     17     0x0003     3
0xbfc000a0     00     0x0000     0
0xbfc000a4     00     0x0000     0
0xbfc000a8     00     0x0000     0
0xbfc000ac     18     0x000a     10
0xbfc000b0     16     0x0007     7
0xbfc000b4     17     0x0008     8
0xbfc000b8     00     0x0000     0
0xbfc000bc     00     0x0000     0
0xbfc000c0     00     0x0000     0
0xbfc000c4     18     0xffffffff     -1
0xbfc000c8     16     0x0005     5
0xbfc000cc     17     0xfffffffe     -2
0xbfc000d0     00     0x0000     0
0xbfc000d4     00     0x0000     0
0xbfc000d8     00     0x0000     0
0xbfc000dc     18     0x0007     7
0xbfc000e0     16     0xfffffffd     -3
0xbfc000e4     17     0x0008     8
0xbfc000e8     00     0x0000     0
0xbfc000ec     00     0x0000     0
0xbfc000f0     00     0x0000     0
0xbfc000f4     18     0xfffffff5     -11
0xbfc000f8     16     0x0007     7
0xbfc000fc     17     0x0008     8
0xbfc00100     00     0x0000     0
0xbfc00104     00     0x0000     0
0xbfc00108     00     0x0000     0
0xbfc0010c     18     0xffffffff     -1
0xbfc00110     16     0xfffffffe     -2
0xbfc00114     17     0x0005     5
0xbfc00118     00     0x0000     0
0xbfc0011c     00     0x0000     0
0xbfc00120     00     0x0000     0
0xbfc00124     hi     0xffffffff     -1     lo     0xfffffff6     -10
0xbfc00128     16     0xfffffffb     -5
0xbfc0012c     17     0xfffffffd     -3
0xbfc00130     00     0x0000     0
0xbfc00134     00     0x0000     0
0xbfc00138     00     0x0000     0
0xbfc0013c     hi     0x0000     0     lo     0x000f     15
0xbfc00140     16     0x0002     2
0xbfc00144     17     0x0004     4
0xbfc00148     00     0x0000     0
0xbfc0014c     00     0x0000     0
0xbfc00150     00     0x0000     0
0xbfc00154     hi     0x0000     0     lo     0x0008     8
0xbfc00158     16     0xfffffffb     -5
0xbfc0015c     17     0x0002     2
0xbfc00160     00     0x0000     0
0xbfc00164     00     0x0000     0
0xbfc00168     00     0x0000     0
0xbfc0016c     hi     0xffffffff     -1     lo     0xfffffff6     -10
0xbfc00170     16     0x0003     3
0xbfc00174     17     0x0004     4
0xbfc00178     00     0x0000     0
0xbfc0017c     00     0x0000     0
0xbfc00180     00     0x0000     0
0xbfc00184     hi     0x0000     0     lo     0x000c     12
0xbfc00188     00     0x0000     0
0xbfc0018c     00     0x0000     0
0xbfc00190     00     0x0000     0
0xbfc00194     18     0x0000     0
0xbfc00198     19     0x000c     12
0xbfc0019c     hi     0x0003
0xbfc001a0     lo     0x0004
