0xbfc00000     01     0xffffffff     -1
0xbfc00004     02     0xf3a50000     -207290368
0xbfc00008     00     0x0000     0
0xbfc0000c     00     0x0000     0
0xbfc00010     00     0x0000     0
0xbfc00014     02     0xf3a52aec     -207279380
0xbfc00018     00     0x0000     0
0xbfc0001c     00     0x0000     0
0xbfc00020     00     0x0000     0
0xbfc00024     08     0xf3a52aec     -207279380
0xbfc00028     01     0xffffffff     -1
0xbfc0002c     00     0x0000     0
0xbfc00030     00     0x0000     0
0xbfc00034     00     0x0000     0
0xbfc00038     08     0x24ac     9388
0xbfc0003c     01     0xffffffff     -1
0xbfc00040     00     0x0000     0
0xbfc00044     00     0x0000     0
0xbfc00048     00     0x0000     0
0xbfc0004c     08     0xf4ac     62636
0xbfc00050     01     0x0000     0
0xbfc00054     02     0x88880000     -2004353024
0xbfc00058     00     0x0000     0
0xbfc0005c     00     0x0000     0
0xbfc00060     00     0x0000     0
0xbfc00064     02     0x88888888     -2004318072
0xbfc00068     00     0x0000     0
0xbfc0006c     00     0x0000     0
0xbfc00070     00     0x0000     0
0xbfc00074     08     0x77777777     2004318071
0xbfc00078     01     0x0000     0
0xbfc0007c     02     0xf3a50000     -207290368
0xbfc00080     00     0x0000     0
0xbfc00084     00     0x0000     0
0xbfc00088     00     0x0000     0
0xbfc0008c     02     0xf3a52aec     -207279380
0xbfc00090     00     0x0000     0
0xbfc00094     00     0x0000     0
0xbfc00098     00     0x0000     0
0xbfc0009c     08     0xf3a52aec     -207279380
0xbfc000a0     01     0x0000     0
0xbfc000a4     00     0x0000     0
0xbfc000a8     00     0x0000     0
0xbfc000ac     00     0x0000     0
0xbfc000b0     08     0x24ac     9388
0xbfc000b4     01     0x0000     0
0xbfc000b8     00     0x0000     0
0xbfc000bc     00     0x0000     0
0xbfc000c0     00     0x0000     0
0xbfc000c4     08     0xf4ac     62636
0xbfc000c8     01     0xaaaa0000     -1431699456
0xbfc000cc     00     0x0000     0
0xbfc000d0     00     0x0000     0
0xbfc000d4     00     0x0000     0
0xbfc000d8     01     0xaaaaaaaa     -1431655766
0xbfc000dc     02     0xaaaa0000     -1431699456
0xbfc000e0     00     0x0000     0
0xbfc000e4     00     0x0000     0
0xbfc000e8     00     0x0000     0
0xbfc000ec     02     0xaaaaaaaa     -1431655766
0xbfc000f0     00     0x0000     0
0xbfc000f4     00     0x0000     0
0xbfc000f8     00     0x0000     0
0xbfc000fc     08     0x0000     0
0xbfc00100     01     0x88880000     -2004353024
0xbfc00104     00     0x0000     0
0xbfc00108     00     0x0000     0
0xbfc0010c     00     0x0000     0
0xbfc00110     01     0x88888888     -2004318072
0xbfc00114     02     0x77770000     2004287488
0xbfc00118     00     0x0000     0
0xbfc0011c     00     0x0000     0
0xbfc00120     00     0x0000     0
0xbfc00124     02     0x77777777     2004318071
0xbfc00128     00     0x0000     0
0xbfc0012c     00     0x0000     0
0xbfc00130     00     0x0000     0
0xbfc00134     08     0xffffffff     -1
0xbfc00138     01     0xffffffff     -1
0xbfc0013c     00     0x0000     0
0xbfc00140     00     0x0000     0
0xbfc00144     00     0x0000     0
0xbfc00148     08     0xffff0000     -65536
0xbfc0014c     01     0xffffffff     -1
0xbfc00150     00     0x0000     0
0xbfc00154     00     0x0000     0
0xbfc00158     00     0x0000     0
0xbfc0015c     08     0xfffff000     -4096
