0xbfc00000     16     0xf1f20000     -235798528
0xbfc00004     00     0x0000     0
0xbfc00008     00     0x0000     0
0xbfc0000c     00     0x0000     0
0xbfc00010     16     0xf1f2f3f4     -235736076
0xbfc00014     00     0x0000     0
0xbfc00018     00     0x0000     0
0xbfc0001c     00     0x0000     0
0xbfc00024     00     0x0000     0
0xbfc00028     00     0x0000     0
0xbfc0002c     00     0x0000     0
0xbfc00030     17     0xfffffff4     -12
0xbfc00034     17     0x00f4     244
0xbfc00038     16     0xf1f20000     -235798528
0xbfc0003c     00     0x0000     0
0xbfc00040     00     0x0000     0
0xbfc00044     00     0x0000     0
0xbfc00048     16     0xf1f2f3f4     -235736076
0xbfc0004c     00     0x0000     0
0xbfc00050     00     0x0000     0
0xbfc00054     00     0x0000     0
0xbfc0005c     00     0x0000     0
0xbfc00060     00     0x0000     0
0xbfc00064     00     0x0000     0
0xbfc00068     17     0xfffff3f4     -3084
0xbfc0006c     17     0xf3f4     62452
0xbfc00070     02     0x80000000     -2147483648
0xbfc00074     16     0xf1f20000     -235798528
0xbfc00078     00     0x0000     0
0xbfc0007c     00     0x0000     0
0xbfc00080     00     0x0000     0
0xbfc00084     16     0xf1f2f3f4     -235736076
0xbfc00088     00     0x0000     0
0xbfc0008c     00     0x0000     0
0xbfc00090     00     0x0000     0
0xbfc00098     00     0x0000     0
0xbfc0009c     00     0x0000     0
0xbfc000a0     00     0x0000     0
0xbfc000a4     17     0xf1f2f3f4     -235736076
