0xbfc00000     01     0x80000000     -2147483648
0xbfc00004     02     0xf3a50000     -207290368
0xbfc00008     00     0x0000     0
0xbfc0000c     00     0x0000     0
0xbfc00010     00     0x0000     0
0xbfc00014     02     0xf3a52aec     -207279380
0xbfc00018     00     0x0000     0
0xbfc0001c     00     0x0000     0
0xbfc00020     00     0x0000     0
0xbfc00024     08     0x0001     1
0xbfc00028     01     0x7fff0000     2147418112
0xbfc0002c     00     0x0000     0
0xbfc00030     00     0x0000     0
0xbfc00034     00     0x0000     0
0xbfc00038     01     0x7fffffff     2147483647
0xbfc0003c     02     0x42760000     1115029504
0xbfc00040     00     0x0000     0
0xbfc00044     00     0x0000     0
0xbfc00048     00     0x0000     0
0xbfc0004c     02     0x4276ac24     1115073572
0xbfc00050     00     0x0000     0
0xbfc00054     00     0x0000     0
0xbfc00058     00     0x0000     0
0xbfc0005c     08     0x0000     0
0xbfc00060     01     0xf3a50000     -207290368
0xbfc00064     00     0x0000     0
0xbfc00068     00     0x0000     0
0xbfc0006c     00     0x0000     0
0xbfc00070     01     0xf3a52aec     -207279380
0xbfc00074     02     0x42760000     1115029504
0xbfc00078     00     0x0000     0
0xbfc0007c     00     0x0000     0
0xbfc00080     00     0x0000     0
0xbfc00084     02     0x4276ac24     1115073572
0xbfc00088     00     0x0000     0
0xbfc0008c     00     0x0000     0
0xbfc00090     00     0x0000     0
0xbfc00094     08     0x0001     1
0xbfc00098     01     0x80000000     -2147483648
0xbfc0009c     02     0xf3a50000     -207290368
0xbfc000a0     00     0x0000     0
0xbfc000a4     00     0x0000     0
0xbfc000a8     00     0x0000     0
0xbfc000ac     02     0xf3a52aec     -207279380
0xbfc000b0     00     0x0000     0
0xbfc000b4     00     0x0000     0
0xbfc000b8     00     0x0000     0
0xbfc000bc     08     0x0001     1
0xbfc000c0     01     0x7fff0000     2147418112
0xbfc000c4     00     0x0000     0
0xbfc000c8     00     0x0000     0
0xbfc000cc     00     0x0000     0
0xbfc000d0     01     0x7fffffff     2147483647
0xbfc000d4     02     0x42760000     1115029504
0xbfc000d8     00     0x0000     0
0xbfc000dc     00     0x0000     0
0xbfc000e0     00     0x0000     0
0xbfc000e4     02     0x4276ac24     1115073572
0xbfc000e8     00     0x0000     0
0xbfc000ec     00     0x0000     0
0xbfc000f0     00     0x0000     0
0xbfc000f4     08     0x0000     0
0xbfc000f8     01     0xf3a50000     -207290368
0xbfc000fc     00     0x0000     0
0xbfc00100     00     0x0000     0
0xbfc00104     00     0x0000     0
0xbfc00108     01     0xf3a52aec     -207279380
0xbfc0010c     02     0x42760000     1115029504
0xbfc00110     00     0x0000     0
0xbfc00114     00     0x0000     0
0xbfc00118     00     0x0000     0
0xbfc0011c     02     0x4276ac24     1115073572
0xbfc00120     00     0x0000     0
0xbfc00124     00     0x0000     0
0xbfc00128     00     0x0000     0
0xbfc0012c     08     0x0000     0
0xbfc00130     01     0x7fff0000     2147418112
0xbfc00134     00     0x0000     0
0xbfc00138     00     0x0000     0
0xbfc0013c     00     0x0000     0
0xbfc00140     01     0x7fffffff     2147483647
0xbfc00144     00     0x0000     0
0xbfc00148     00     0x0000     0
0xbfc0014c     00     0x0000     0
0xbfc00150     08     0x0000     0
0xbfc00154     01     0x7fff0000     2147418112
0xbfc00158     00     0x0000     0
0xbfc0015c     00     0x0000     0
0xbfc00160     00     0x0000     0
0xbfc00164     01     0x7fffffff     2147483647
0xbfc00168     00     0x0000     0
0xbfc0016c     00     0x0000     0
0xbfc00170     00     0x0000     0
0xbfc00174     08     0x0000     0
0xbfc00178     01     0xfffffff5     -11
0xbfc0017c     00     0x0000     0
0xbfc00180     00     0x0000     0
0xbfc00184     00     0x0000     0
0xbfc00188     08     0x0000     0
0xbfc0018c     01     0xffffffff     -1
0xbfc00190     00     0x0000     0
0xbfc00194     00     0x0000     0
0xbfc00198     00     0x0000     0
0xbfc0019c     08     0x0001     1
0xbfc001a0     01     0x80000000     -2147483648
0xbfc001a4     00     0x0000     0
0xbfc001a8     00     0x0000     0
0xbfc001ac     00     0x0000     0
0xbfc001b0     08     0x0001     1
0xbfc001b4     01     0x7fff0000     2147418112
0xbfc001b8     00     0x0000     0
0xbfc001bc     00     0x0000     0
0xbfc001c0     00     0x0000     0
0xbfc001c4     01     0x7fffffff     2147483647
0xbfc001c8     00     0x0000     0
0xbfc001cc     00     0x0000     0
0xbfc001d0     00     0x0000     0
0xbfc001d4     08     0x0000     0
0xbfc001d8     01     0x7fff0000     2147418112
0xbfc001dc     00     0x0000     0
0xbfc001e0     00     0x0000     0
0xbfc001e4     00     0x0000     0
0xbfc001e8     01     0x7fffffff     2147483647
0xbfc001ec     00     0x0000     0
0xbfc001f0     00     0x0000     0
0xbfc001f4     00     0x0000     0
0xbfc001f8     08     0x0000     0
