0xbfc00000     01     0x42760000     1115029504
0xbfc00004     00     0x0000     0
0xbfc00008     00     0x0000     0
0xbfc0000c     00     0x0000     0
0xbfc00010     01     0x4276ac24     1115073572
0xbfc00014     02     0x0008     8
0xbfc00018     00     0x0000     0
0xbfc0001c     00     0x0000     0
0xbfc00020     00     0x0000     0
0xbfc00024     08     0x76ac2400     1990992896
0xbfc00028     01     0xf3a50000     -207290368
0xbfc0002c     00     0x0000     0
0xbfc00030     00     0x0000     0
0xbfc00034     00     0x0000     0
0xbfc00038     01     0xf3a52aec     -207279380
0xbfc0003c     00     0x0000     0
0xbfc00040     00     0x0000     0
0xbfc00044     00     0x0000     0
0xbfc00048     08     0xa52aec00     -1523913728
0xbfc0004c     01     0x42760000     1115029504
0xbfc00050     00     0x0000     0
0xbfc00054     00     0x0000     0
0xbfc00058     00     0x0000     0
0xbfc0005c     01     0x4276ac24     1115073572
0xbfc00060     02     0x0008     8
0xbfc00064     00     0x0000     0
0xbfc00068     00     0x0000     0
0xbfc0006c     00     0x0000     0
0xbfc00070     08     0x4276ac     4355756
0xbfc00074     01     0xf3a50000     -207290368
0xbfc00078     00     0x0000     0
0xbfc0007c     00     0x0000     0
0xbfc00080     00     0x0000     0
0xbfc00084     01     0xf3a52aec     -207279380
0xbfc00088     00     0x0000     0
0xbfc0008c     00     0x0000     0
0xbfc00090     00     0x0000     0
0xbfc00094     08     0xfff3a52a     -809686
0xbfc00098     01     0x42760000     1115029504
0xbfc0009c     00     0x0000     0
0xbfc000a0     00     0x0000     0
0xbfc000a4     00     0x0000     0
0xbfc000a8     01     0x4276ac24     1115073572
0xbfc000ac     02     0x0008     8
0xbfc000b0     00     0x0000     0
0xbfc000b4     00     0x0000     0
0xbfc000b8     00     0x0000     0
0xbfc000bc     08     0x4276ac     4355756
0xbfc000c0     01     0xf3a50000     -207290368
0xbfc000c4     00     0x0000     0
0xbfc000c8     00     0x0000     0
0xbfc000cc     00     0x0000     0
0xbfc000d0     01     0xf3a52aec     -207279380
0xbfc000d4     00     0x0000     0
0xbfc000d8     00     0x0000     0
0xbfc000dc     00     0x0000     0
0xbfc000e0     08     0xf3a52a     15967530
